<?xml version="1.0" encoding="UTF-8"?>
<!-- Generated by org.testng.reporters.JUnitReportReporter -->
<testsuite hostname="DESKTOP-RevatiQA" failures="0" tests="1" name="testcases.registertestcases" time="18.058" errors="0" timestamp="2025-05-07T18:08:52 IST" skipped="0">
  <testcase classname="testcases.registertestcases" name="register" time="18.058"/>
</testsuite> <!-- testcases.registertestcases -->
