<?xml version="1.0" encoding="UTF-8"?>
<!-- Generated by org.testng.reporters.JUnitReportReporter -->
<testsuite hostname="DESKTOP-5VFDL3B" failures="0" tests="1" name="testcases.logintestcases" time="1.001" errors="0" timestamp="2025-05-31T12:45:22 IST" skipped="0">
  <testcase classname="testcases.logintestcases" name="login" time="1.001"/>
</testsuite> <!-- testcases.logintestcases -->
