<?xml version="1.0" encoding="UTF-8"?>
<!-- Generated by org.testng.reporters.JUnitReportReporter -->
<testsuite hostname="DESKTOP-5VFDL3B" failures="0" tests="1" name="testcases.registertestcases" time="23.312" errors="0" timestamp="2025-05-23T11:44:06 IST" skipped="0">
  <testcase classname="testcases.registertestcases" name="register" time="23.312"/>
</testsuite> <!-- testcases.registertestcases -->
