<?xml version="1.0" encoding="UTF-8"?>
<!-- Generated by org.testng.reporters.JUnitReportReporter -->
<testsuite hostname="DESKTOP-RevatiQA" failures="0" tests="1" name="testcases.logintestcases" time="0.939" errors="0" timestamp="2025-05-08T14:02:03 IST" skipped="0">
  <testcase classname="testcases.logintestcases" name="login" time="0.939"/>
</testsuite> <!-- testcases.logintestcases -->
