<?xml version="1.0" encoding="UTF-8"?>
<!-- Generated by org.testng.reporters.JUnitReportReporter -->
<testsuite hostname="DESKTOP-5VFDL3B" failures="0" tests="1" name="testcases.totest" time="5.434" errors="0" timestamp="2025-05-26T12:05:28 IST" skipped="0">
  <testcase classname="testcases.totest" name="tests" time="5.434"/>
</testsuite> <!-- testcases.totest -->
